<?xml version="1.0" encoding="utf-8" standalone="no"?>
<!--This file represents the results of running a test suite-->
<test-results name="E:\Study\ASE\Lab 6\NunitTesting\NunitTesting\bin\Debug\NunitTesting.dll" total="1" errors="0" failures="0" not-run="0" inconclusive="0" ignored="0" skipped="0" invalid="0" date="2015-03-05" time="17:17:37">
  <environment nunit-version="2.6.4.14350" clr-version="2.0.50727.7905" os-version="Microsoft Windows NT 6.2.9200.0" platform="Win32NT" cwd="C:\Program Files (x86)\NUnit 2.6.4\bin" machine-name="SUMANTH" user="Chumma" user-domain="Sumanth" />
  <culture-info current-culture="en-US" current-uiculture="en-US" />
  <test-suite type="Assembly" name="E:\Study\ASE\Lab 6\NunitTesting\NunitTesting\bin\Debug\NunitTesting.dll" executed="True" result="Success" success="True" time="0.671" asserts="0">
    <results>
      <test-suite type="Namespace" name="NunitTesting" executed="True" result="Success" success="True" time="0.644" asserts="0">
        <results>
          <test-suite type="TestFixture" name="Testing" executed="True" result="Success" success="True" time="0.640" asserts="0">
            <results>
              <test-case name="NunitTesting.Testing.ServiceTest" executed="True" result="Success" success="True" time="0.617" asserts="1" />
            </results>
          </test-suite>
        </results>
      </test-suite>
    </results>
  </test-suite>
</test-results>